..............._____...............|||||..........____________________________________________________________________________________________________,,,,,     ,,,,,)))))
..............._____...............|||||..........____________________________________________________________________________________________________,,,,,     ,,,,,)))))
..............._____...............|||||..........____________________________________________________________________________________________________,,,,,     ,,,,,)))))
..............._____...............|||||..........____________________________________________________________________________________________________,,,,,     ,,,,,)))))
..............._____...............|||||..........____________________________________________________________________________________________________,,,,,     ,,,,,)))))
............................../////     `````---------------_______________________________________________________--------------------_________________________|||||]]]]]
............................../////     `````---------------_______________________________________________________--------------------_________________________|||||]]]]]
............................../////     `````---------------_______________________________________________________--------------------_________________________|||||]]]]]
............................../////     `````---------------_______________________________________________________--------------------_________________________|||||]]]]]
............................../////     `````---------------_______________________________________________________--------------------_________________________|||||]]]]]
........................./////_____==========ooooo;;;;;;;;;;;;;;;;;;;;;;;;;;;;;;;;;;;;;;;;___________________________________.....::::://///..............................
........................./////_____==========ooooo;;;;;;;;;;;;;;;;;;;;;;;;;;;;;;;;;;;;;;;;___________________________________.....::::://///..............................
........................./////_____==========ooooo;;;;;;;;;;;;;;;;;;;;;;;;;;;;;;;;;;;;;;;;___________________________________.....::::://///..............................
........................./////_____==========ooooo;;;;;;;;;;;;;;;;;;;;;;;;;;;;;;;;;;;;;;;;___________________________________.....::::://///..............................
........................./////_____==========ooooo;;;;;;;;;;;;;;;;;;;;;;;;;;;;;;;;;;;;;;;;___________________________________.....::::://///..............................
.........................))))),,,,,     ---------------.....(((((_____(((((__________)))))     /////......................................................................
.........................))))),,,,,     ---------------.....(((((_____(((((__________)))))     /////......................................................................
.........................))))),,,,,     ---------------.....(((((_____(((((__________)))))     /////......................................................................
.........................))))),,,,,     ---------------.....(((((_____(((((__________)))))     /////......................................................................
.........................))))),,,,,     ---------------.....(((((_____(((((__________)))))     /////......................................................................
....................//////////     (((((..........)))))     ))))),,,,,     --------------------"""""......................................................................
....................//////////     (((((..........)))))     ))))),,,,,     --------------------"""""......................................................................
....................//////////     (((((..........)))))     ))))),,,,,     --------------------"""""......................................................................
....................//////////     (((((..........)))))     ))))),,,,,     --------------------"""""......................................................................
....................//////////     (((((..........)))))     ))))),,,,,     --------------------"""""......................................................................
...............//////////_______________//////////........................................................................................................................
...............//////////_______________//////////........................................................................................................................
...............//////////_______________//////////........................................................................................................................
...............//////////_______________//////////........................................................................................................................
...............//////////_______________//////////........................................................................................................................
..........//////////_______________//////////.............................................................................................................................
..........//////////_______________//////////.............................................................................................................................
..........//////////_______________//////////.............................................................................................................................
..........//////////_______________//////////.............................................................................................................................
..........//////////_______________//////////.............................................................................................................................
.....//////////_______________//////////..................................................................................................................................
.....//////////_______________//////////..................................................................................................................................
.....//////////_______________//////////..................................................................................................................................
.....//////////_______________//////////..................................................................................................................................
.....//////////_______________//////////..................................................................................................................................
